2020-11-15 20:14:09,195 ERROR 13900 nodejs.ClusterClientNoResponseError: client no response in 67010505ms exceeding maxIdleTime 60000ms, maybe the connection is close on other side.
    at Timeout._onTimeout (E:\webtest\vueshopping\webshopping\server\node_modules\_cluster-client@3.0.1@cluster-client\lib\leader.js:77:23)
    at listOnTimeout (internal/timers.js:554:17)
    at processTimers (internal/timers.js:497:7)
name: "ClusterClientNoResponseError"
pid: 13900
hostname: DoushaHome

2020-11-16 11:02:41,335 ERROR 3540 [-/127.0.0.1/-/36ms POST /v1/deleteShop] nodejs.CastError: Cast to string failed for value "{ cid: [ '24afea564e5248b5a2bc59da95f09911' ] }" at path "cid" for model "ShopList"
    at model.Query.exec (D:\wokepoj\shopping\server\node_modules\_mongoose@5.10.13@mongoose\lib\query.js:4385:21)
    at model.Query.Query.then (D:\wokepoj\shopping\server\node_modules\_mongoose@5.10.13@mongoose\lib\query.js:4477:15)
    at runMicrotasks (<anonymous>)
    at processTicksAndRejections (internal/process/task_queues.js:97:5)
messageFormat: undefined
stringValue: "\"{ cid: [ '24afea564e5248b5a2bc59da95f09911' ] }\""
kind: "string"
value: {"cid":["24afea564e5248b5a2bc59da95f09911"]}
path: "cid"
reason: null
pid: 3540
hostname: stucd149b

2020-11-16 17:24:39,892 ERROR 3540 [-/127.0.0.1/-/15ms POST /v1/order] nodejs.TypeError: Cannot read property 'present_price' of null
    at OperatingGoodsController.order (D:\wokepoj\shopping\server\app\controller\api\operatingGoods.js:184:40)
    at runMicrotasks (<anonymous>)
    at processTicksAndRejections (internal/process/task_queues.js:97:5)
    at async D:\wokepoj\shopping\server\app\middleware\isLogin.js:15:13
    at async D:\wokepoj\shopping\server\node_modules\_egg-development@2.7.0@egg-development\app\middleware\egg_loader_trace.js:9:50
    at async xframe (D:\wokepoj\shopping\server\node_modules\_egg-security@2.8.0@egg-security\lib\middlewares\xframe.js:7:5)
    at async xssProtection (D:\wokepoj\shopping\server\node_modules\_egg-security@2.8.0@egg-security\lib\middlewares\xssProtection.js:7:5)
    at async nosniff (D:\wokepoj\shopping\server\node_modules\_egg-security@2.8.0@egg-security\lib\middlewares\nosniff.js:8:5)
    at async noopen (D:\wokepoj\shopping\server\node_modules\_egg-security@2.8.0@egg-security\lib\middlewares\noopen.js:8:5)
    at async session (D:\wokepoj\shopping\server\node_modules\_koa-session@6.1.0@koa-session\index.js:41:7)
    at async bodyParser (D:\wokepoj\shopping\server\node_modules\_koa-bodyparser@4.3.0@koa-bodyparser\index.js:95:5)
    at async D:\wokepoj\shopping\server\node_modules\_koa-static-cache@5.1.4@koa-static-cache\index.js:39:63
    at async notfound (D:\wokepoj\shopping\server\node_modules\_egg@2.29.1@egg\app\middleware\notfound.js:5:5)
    at async meta (D:\wokepoj\shopping\server\node_modules\_egg@2.29.1@egg\app\middleware\meta.js:17:5)

pid: 3540
hostname: stucd149b

2020-11-16 17:26:34,305 ERROR 3540 [-/127.0.0.1/-/3ms POST /v1/order] nodejs.TypeError: Cannot read property 'present_price' of null
    at OperatingGoodsController.order (D:\wokepoj\shopping\server\app\controller\api\operatingGoods.js:184:40)
    at runMicrotasks (<anonymous>)
    at processTicksAndRejections (internal/process/task_queues.js:97:5)
    at async D:\wokepoj\shopping\server\app\middleware\isLogin.js:15:13
    at async D:\wokepoj\shopping\server\node_modules\_egg-development@2.7.0@egg-development\app\middleware\egg_loader_trace.js:9:50
    at async xframe (D:\wokepoj\shopping\server\node_modules\_egg-security@2.8.0@egg-security\lib\middlewares\xframe.js:7:5)
    at async xssProtection (D:\wokepoj\shopping\server\node_modules\_egg-security@2.8.0@egg-security\lib\middlewares\xssProtection.js:7:5)
    at async nosniff (D:\wokepoj\shopping\server\node_modules\_egg-security@2.8.0@egg-security\lib\middlewares\nosniff.js:8:5)
    at async noopen (D:\wokepoj\shopping\server\node_modules\_egg-security@2.8.0@egg-security\lib\middlewares\noopen.js:8:5)
    at async session (D:\wokepoj\shopping\server\node_modules\_koa-session@6.1.0@koa-session\index.js:41:7)
    at async bodyParser (D:\wokepoj\shopping\server\node_modules\_koa-bodyparser@4.3.0@koa-bodyparser\index.js:95:5)
    at async D:\wokepoj\shopping\server\node_modules\_koa-static-cache@5.1.4@koa-static-cache\index.js:39:63
    at async notfound (D:\wokepoj\shopping\server\node_modules\_egg@2.29.1@egg\app\middleware\notfound.js:5:5)
    at async meta (D:\wokepoj\shopping\server\node_modules\_egg@2.29.1@egg\app\middleware\meta.js:17:5)

pid: 3540
hostname: stucd149b

2020-11-17 08:38:53,883 ERROR 6696 [-/127.0.0.1/-/9ms POST /v1/order] nodejs.TypeError: Cannot read property 'present_price' of null
    at OperatingGoodsController.order (D:\wokepoj\shopping\server\app\controller\api\operatingGoods.js:184:40)
    at processTicksAndRejections (internal/process/task_queues.js:97:5)
    at async D:\wokepoj\shopping\server\app\middleware\isLogin.js:15:13
    at async D:\wokepoj\shopping\server\node_modules\_egg-development@2.7.0@egg-development\app\middleware\egg_loader_trace.js:9:50
    at async xframe (D:\wokepoj\shopping\server\node_modules\_egg-security@2.8.0@egg-security\lib\middlewares\xframe.js:7:5)
    at async xssProtection (D:\wokepoj\shopping\server\node_modules\_egg-security@2.8.0@egg-security\lib\middlewares\xssProtection.js:7:5)
    at async nosniff (D:\wokepoj\shopping\server\node_modules\_egg-security@2.8.0@egg-security\lib\middlewares\nosniff.js:8:5)
    at async noopen (D:\wokepoj\shopping\server\node_modules\_egg-security@2.8.0@egg-security\lib\middlewares\noopen.js:8:5)
    at async session (D:\wokepoj\shopping\server\node_modules\_koa-session@6.1.0@koa-session\index.js:41:7)
    at async bodyParser (D:\wokepoj\shopping\server\node_modules\_koa-bodyparser@4.3.0@koa-bodyparser\index.js:95:5)
    at async D:\wokepoj\shopping\server\node_modules\_koa-static-cache@5.1.4@koa-static-cache\index.js:39:63
    at async notfound (D:\wokepoj\shopping\server\node_modules\_egg@2.29.1@egg\app\middleware\notfound.js:5:5)
    at async meta (D:\wokepoj\shopping\server\node_modules\_egg@2.29.1@egg\app\middleware\meta.js:17:5)

pid: 6696
hostname: stucd149b

2020-11-17 08:44:15,238 ERROR 6696 [-/127.0.0.1/-/8ms POST /v1/order] nodejs.TypeError: Cannot read property 'present_price' of null
    at OperatingGoodsController.order (D:\wokepoj\shopping\server\app\controller\api\operatingGoods.js:184:40)
    at processTicksAndRejections (internal/process/task_queues.js:97:5)
    at async D:\wokepoj\shopping\server\app\middleware\isLogin.js:15:13
    at async D:\wokepoj\shopping\server\node_modules\_egg-development@2.7.0@egg-development\app\middleware\egg_loader_trace.js:9:50
    at async xframe (D:\wokepoj\shopping\server\node_modules\_egg-security@2.8.0@egg-security\lib\middlewares\xframe.js:7:5)
    at async xssProtection (D:\wokepoj\shopping\server\node_modules\_egg-security@2.8.0@egg-security\lib\middlewares\xssProtection.js:7:5)
    at async nosniff (D:\wokepoj\shopping\server\node_modules\_egg-security@2.8.0@egg-security\lib\middlewares\nosniff.js:8:5)
    at async noopen (D:\wokepoj\shopping\server\node_modules\_egg-security@2.8.0@egg-security\lib\middlewares\noopen.js:8:5)
    at async session (D:\wokepoj\shopping\server\node_modules\_koa-session@6.1.0@koa-session\index.js:41:7)
    at async bodyParser (D:\wokepoj\shopping\server\node_modules\_koa-bodyparser@4.3.0@koa-bodyparser\index.js:95:5)
    at async D:\wokepoj\shopping\server\node_modules\_koa-static-cache@5.1.4@koa-static-cache\index.js:39:63
    at async notfound (D:\wokepoj\shopping\server\node_modules\_egg@2.29.1@egg\app\middleware\notfound.js:5:5)
    at async meta (D:\wokepoj\shopping\server\node_modules\_egg@2.29.1@egg\app\middleware\meta.js:17:5)

pid: 6696
hostname: stucd149b

2020-11-17 08:44:27,729 ERROR 6696 [-/127.0.0.1/-/7ms POST /v1/order] nodejs.TypeError: Cannot read property 'present_price' of null
    at OperatingGoodsController.order (D:\wokepoj\shopping\server\app\controller\api\operatingGoods.js:184:40)
    at processTicksAndRejections (internal/process/task_queues.js:97:5)
    at async D:\wokepoj\shopping\server\app\middleware\isLogin.js:15:13
    at async D:\wokepoj\shopping\server\node_modules\_egg-development@2.7.0@egg-development\app\middleware\egg_loader_trace.js:9:50
    at async xframe (D:\wokepoj\shopping\server\node_modules\_egg-security@2.8.0@egg-security\lib\middlewares\xframe.js:7:5)
    at async xssProtection (D:\wokepoj\shopping\server\node_modules\_egg-security@2.8.0@egg-security\lib\middlewares\xssProtection.js:7:5)
    at async nosniff (D:\wokepoj\shopping\server\node_modules\_egg-security@2.8.0@egg-security\lib\middlewares\nosniff.js:8:5)
    at async noopen (D:\wokepoj\shopping\server\node_modules\_egg-security@2.8.0@egg-security\lib\middlewares\noopen.js:8:5)
    at async session (D:\wokepoj\shopping\server\node_modules\_koa-session@6.1.0@koa-session\index.js:41:7)
    at async bodyParser (D:\wokepoj\shopping\server\node_modules\_koa-bodyparser@4.3.0@koa-bodyparser\index.js:95:5)
    at async D:\wokepoj\shopping\server\node_modules\_koa-static-cache@5.1.4@koa-static-cache\index.js:39:63
    at async notfound (D:\wokepoj\shopping\server\node_modules\_egg@2.29.1@egg\app\middleware\notfound.js:5:5)
    at async meta (D:\wokepoj\shopping\server\node_modules\_egg@2.29.1@egg\app\middleware\meta.js:17:5)

pid: 6696
hostname: stucd149b

2020-11-17 08:48:26,982 ERROR 6696 [-/127.0.0.1/-/6ms POST /v1/order] nodejs.TypeError: Cannot read property 'present_price' of null
    at OperatingGoodsController.order (D:\wokepoj\shopping\server\app\controller\api\operatingGoods.js:184:40)
    at processTicksAndRejections (internal/process/task_queues.js:97:5)
    at async D:\wokepoj\shopping\server\app\middleware\isLogin.js:15:13
    at async D:\wokepoj\shopping\server\node_modules\_egg-development@2.7.0@egg-development\app\middleware\egg_loader_trace.js:9:50
    at async xframe (D:\wokepoj\shopping\server\node_modules\_egg-security@2.8.0@egg-security\lib\middlewares\xframe.js:7:5)
    at async xssProtection (D:\wokepoj\shopping\server\node_modules\_egg-security@2.8.0@egg-security\lib\middlewares\xssProtection.js:7:5)
    at async nosniff (D:\wokepoj\shopping\server\node_modules\_egg-security@2.8.0@egg-security\lib\middlewares\nosniff.js:8:5)
    at async noopen (D:\wokepoj\shopping\server\node_modules\_egg-security@2.8.0@egg-security\lib\middlewares\noopen.js:8:5)
    at async session (D:\wokepoj\shopping\server\node_modules\_koa-session@6.1.0@koa-session\index.js:41:7)
    at async bodyParser (D:\wokepoj\shopping\server\node_modules\_koa-bodyparser@4.3.0@koa-bodyparser\index.js:95:5)
    at async D:\wokepoj\shopping\server\node_modules\_koa-static-cache@5.1.4@koa-static-cache\index.js:39:63
    at async notfound (D:\wokepoj\shopping\server\node_modules\_egg@2.29.1@egg\app\middleware\notfound.js:5:5)
    at async meta (D:\wokepoj\shopping\server\node_modules\_egg@2.29.1@egg\app\middleware\meta.js:17:5)

pid: 6696
hostname: stucd149b

2020-11-17 10:38:26,953 ERROR 6696 [-/127.0.0.1/-/5ms POST /v1/order] nodejs.TypeError: Cannot read property 'present_price' of null
    at OperatingGoodsController.order (D:\wokepoj\shopping\server\app\controller\api\operatingGoods.js:184:40)
    at runMicrotasks (<anonymous>)
    at processTicksAndRejections (internal/process/task_queues.js:97:5)
    at async D:\wokepoj\shopping\server\app\middleware\isLogin.js:15:13
    at async D:\wokepoj\shopping\server\node_modules\_egg-development@2.7.0@egg-development\app\middleware\egg_loader_trace.js:9:50
    at async xframe (D:\wokepoj\shopping\server\node_modules\_egg-security@2.8.0@egg-security\lib\middlewares\xframe.js:7:5)
    at async xssProtection (D:\wokepoj\shopping\server\node_modules\_egg-security@2.8.0@egg-security\lib\middlewares\xssProtection.js:7:5)
    at async nosniff (D:\wokepoj\shopping\server\node_modules\_egg-security@2.8.0@egg-security\lib\middlewares\nosniff.js:8:5)
    at async noopen (D:\wokepoj\shopping\server\node_modules\_egg-security@2.8.0@egg-security\lib\middlewares\noopen.js:8:5)
    at async session (D:\wokepoj\shopping\server\node_modules\_koa-session@6.1.0@koa-session\index.js:41:7)
    at async bodyParser (D:\wokepoj\shopping\server\node_modules\_koa-bodyparser@4.3.0@koa-bodyparser\index.js:95:5)
    at async D:\wokepoj\shopping\server\node_modules\_koa-static-cache@5.1.4@koa-static-cache\index.js:39:63
    at async notfound (D:\wokepoj\shopping\server\node_modules\_egg@2.29.1@egg\app\middleware\notfound.js:5:5)
    at async meta (D:\wokepoj\shopping\server\node_modules\_egg@2.29.1@egg\app\middleware\meta.js:17:5)

pid: 6696
hostname: stucd149b

2020-11-17 15:08:50,951 ERROR 6696 [-/127.0.0.1/-/27ms POST /v1/order] nodejs.TypeError: Cannot read property 'present_price' of null
    at OperatingGoodsController.order (D:\wokepoj\shopping\server\app\controller\api\operatingGoods.js:184:40)
    at runMicrotasks (<anonymous>)
    at processTicksAndRejections (internal/process/task_queues.js:97:5)
    at async D:\wokepoj\shopping\server\app\middleware\isLogin.js:15:13
    at async D:\wokepoj\shopping\server\node_modules\_egg-development@2.7.0@egg-development\app\middleware\egg_loader_trace.js:9:50
    at async xframe (D:\wokepoj\shopping\server\node_modules\_egg-security@2.8.0@egg-security\lib\middlewares\xframe.js:7:5)
    at async xssProtection (D:\wokepoj\shopping\server\node_modules\_egg-security@2.8.0@egg-security\lib\middlewares\xssProtection.js:7:5)
    at async nosniff (D:\wokepoj\shopping\server\node_modules\_egg-security@2.8.0@egg-security\lib\middlewares\nosniff.js:8:5)
    at async noopen (D:\wokepoj\shopping\server\node_modules\_egg-security@2.8.0@egg-security\lib\middlewares\noopen.js:8:5)
    at async session (D:\wokepoj\shopping\server\node_modules\_koa-session@6.1.0@koa-session\index.js:41:7)
    at async bodyParser (D:\wokepoj\shopping\server\node_modules\_koa-bodyparser@4.3.0@koa-bodyparser\index.js:95:5)
    at async D:\wokepoj\shopping\server\node_modules\_koa-static-cache@5.1.4@koa-static-cache\index.js:39:63
    at async notfound (D:\wokepoj\shopping\server\node_modules\_egg@2.29.1@egg\app\middleware\notfound.js:5:5)
    at async meta (D:\wokepoj\shopping\server\node_modules\_egg@2.29.1@egg\app\middleware\meta.js:17:5)

pid: 6696
hostname: stucd149b

2020-11-17 15:14:52,079 ERROR 6696 [-/127.0.0.1/-/9ms POST /v1/goodsOne/comment] nodejs.TypeError: Cannot read property 'length' of undefined
    at OperatingGoodsController.comment (D:\wokepoj\shopping\server\app\controller\api\operatingGoods.js:247:24)
    at Object.callFn (D:\wokepoj\shopping\server\node_modules\_egg-core@4.20.0@egg-core\lib\utils\index.js:44:21)
    at Object.classControllerMiddleware (D:\wokepoj\shopping\server\node_modules\_egg-core@4.20.0@egg-core\lib\loader\mixin\controller.js:87:20)
    at Object.callFn (D:\wokepoj\shopping\server\node_modules\_@eggjs_router@2.0.0@@eggjs\router\lib\utils.js:12:21)
    at wrappedController (D:\wokepoj\shopping\server\node_modules\_@eggjs_router@2.0.0@@eggjs\router\lib\egg_router.js:322:18)
    at dispatch (D:\wokepoj\shopping\server\node_modules\_koa-compose@3.2.1@koa-compose\index.js:44:32)
    at next (D:\wokepoj\shopping\server\node_modules\_koa-compose@3.2.1@koa-compose\index.js:45:18)
    at D:\wokepoj\shopping\server\node_modules\_@eggjs_router@2.0.0@@eggjs\router\lib\router.js:190:18
    at dispatch (D:\wokepoj\shopping\server\node_modules\_koa-compose@3.2.1@koa-compose\index.js:44:32)
    at D:\wokepoj\shopping\server\node_modules\_koa-compose@3.2.1@koa-compose\index.js:36:12
    at dispatch (D:\wokepoj\shopping\server\node_modules\_@eggjs_router@2.0.0@@eggjs\router\lib\router.js:195:33)
    at dispatch (D:\wokepoj\shopping\server\node_modules\_koa-compose@4.1.0@koa-compose\index.js:42:32)
    at D:\wokepoj\shopping\server\app\middleware\isLogin.js:15:19
    at dispatch (D:\wokepoj\shopping\server\node_modules\_koa-compose@4.1.0@koa-compose\index.js:42:32)
    at D:\wokepoj\shopping\server\node_modules\_egg-development@2.7.0@egg-development\app\middleware\egg_loader_trace.js:9:56
    at dispatch (D:\wokepoj\shopping\server\node_modules\_koa-compose@4.1.0@koa-compose\index.js:42:32)

pid: 6696
hostname: stucd149b

2020-11-18 12:10:18,287 ERROR 6804 [-/127.0.0.1/-/23ms POST /v1/order] nodejs.TypeError: Cannot read property 'present_price' of null
    at OperatingGoodsController.order (D:\wokepoj\shopping\server\app\controller\api\operatingGoods.js:184:40)
    at runMicrotasks (<anonymous>)
    at processTicksAndRejections (internal/process/task_queues.js:97:5)
    at async D:\wokepoj\shopping\server\app\middleware\isLogin.js:15:13
    at async D:\wokepoj\shopping\server\node_modules\_egg-development@2.7.0@egg-development\app\middleware\egg_loader_trace.js:9:50
    at async xframe (D:\wokepoj\shopping\server\node_modules\_egg-security@2.8.0@egg-security\lib\middlewares\xframe.js:7:5)
    at async xssProtection (D:\wokepoj\shopping\server\node_modules\_egg-security@2.8.0@egg-security\lib\middlewares\xssProtection.js:7:5)
    at async nosniff (D:\wokepoj\shopping\server\node_modules\_egg-security@2.8.0@egg-security\lib\middlewares\nosniff.js:8:5)
    at async noopen (D:\wokepoj\shopping\server\node_modules\_egg-security@2.8.0@egg-security\lib\middlewares\noopen.js:8:5)
    at async session (D:\wokepoj\shopping\server\node_modules\_koa-session@6.1.0@koa-session\index.js:41:7)
    at async bodyParser (D:\wokepoj\shopping\server\node_modules\_koa-bodyparser@4.3.0@koa-bodyparser\index.js:95:5)
    at async D:\wokepoj\shopping\server\node_modules\_koa-static-cache@5.1.4@koa-static-cache\index.js:39:63
    at async notfound (D:\wokepoj\shopping\server\node_modules\_egg@2.29.1@egg\app\middleware\notfound.js:5:5)
    at async meta (D:\wokepoj\shopping\server\node_modules\_egg@2.29.1@egg\app\middleware\meta.js:17:5)

pid: 6804
hostname: stucd149b

2020-11-18 12:10:49,495 ERROR 6804 [-/127.0.0.1/-/3ms POST /v1/order] nodejs.TypeError: Cannot read property 'present_price' of null
    at OperatingGoodsController.order (D:\wokepoj\shopping\server\app\controller\api\operatingGoods.js:184:40)
    at runMicrotasks (<anonymous>)
    at processTicksAndRejections (internal/process/task_queues.js:97:5)
    at async D:\wokepoj\shopping\server\app\middleware\isLogin.js:15:13
    at async D:\wokepoj\shopping\server\node_modules\_egg-development@2.7.0@egg-development\app\middleware\egg_loader_trace.js:9:50
    at async xframe (D:\wokepoj\shopping\server\node_modules\_egg-security@2.8.0@egg-security\lib\middlewares\xframe.js:7:5)
    at async xssProtection (D:\wokepoj\shopping\server\node_modules\_egg-security@2.8.0@egg-security\lib\middlewares\xssProtection.js:7:5)
    at async nosniff (D:\wokepoj\shopping\server\node_modules\_egg-security@2.8.0@egg-security\lib\middlewares\nosniff.js:8:5)
    at async noopen (D:\wokepoj\shopping\server\node_modules\_egg-security@2.8.0@egg-security\lib\middlewares\noopen.js:8:5)
    at async session (D:\wokepoj\shopping\server\node_modules\_koa-session@6.1.0@koa-session\index.js:41:7)
    at async bodyParser (D:\wokepoj\shopping\server\node_modules\_koa-bodyparser@4.3.0@koa-bodyparser\index.js:95:5)
    at async D:\wokepoj\shopping\server\node_modules\_koa-static-cache@5.1.4@koa-static-cache\index.js:39:63
    at async notfound (D:\wokepoj\shopping\server\node_modules\_egg@2.29.1@egg\app\middleware\notfound.js:5:5)
    at async meta (D:\wokepoj\shopping\server\node_modules\_egg@2.29.1@egg\app\middleware\meta.js:17:5)

pid: 6804
hostname: stucd149b

2020-11-18 12:40:30,869 ERROR 6804 [-/127.0.0.1/-/6ms POST /v1/order] nodejs.TypeError: Cannot read property 'present_price' of null
    at OperatingGoodsController.order (D:\wokepoj\shopping\server\app\controller\api\operatingGoods.js:184:40)
    at runMicrotasks (<anonymous>)
    at processTicksAndRejections (internal/process/task_queues.js:97:5)
    at async D:\wokepoj\shopping\server\app\middleware\isLogin.js:15:13
    at async D:\wokepoj\shopping\server\node_modules\_egg-development@2.7.0@egg-development\app\middleware\egg_loader_trace.js:9:50
    at async xframe (D:\wokepoj\shopping\server\node_modules\_egg-security@2.8.0@egg-security\lib\middlewares\xframe.js:7:5)
    at async xssProtection (D:\wokepoj\shopping\server\node_modules\_egg-security@2.8.0@egg-security\lib\middlewares\xssProtection.js:7:5)
    at async nosniff (D:\wokepoj\shopping\server\node_modules\_egg-security@2.8.0@egg-security\lib\middlewares\nosniff.js:8:5)
    at async noopen (D:\wokepoj\shopping\server\node_modules\_egg-security@2.8.0@egg-security\lib\middlewares\noopen.js:8:5)
    at async session (D:\wokepoj\shopping\server\node_modules\_koa-session@6.1.0@koa-session\index.js:41:7)
    at async bodyParser (D:\wokepoj\shopping\server\node_modules\_koa-bodyparser@4.3.0@koa-bodyparser\index.js:95:5)
    at async D:\wokepoj\shopping\server\node_modules\_koa-static-cache@5.1.4@koa-static-cache\index.js:39:63
    at async notfound (D:\wokepoj\shopping\server\node_modules\_egg@2.29.1@egg\app\middleware\notfound.js:5:5)
    at async meta (D:\wokepoj\shopping\server\node_modules\_egg@2.29.1@egg\app\middleware\meta.js:17:5)

pid: 6804
hostname: stucd149b

2020-11-18 12:40:34,719 ERROR 6804 [-/127.0.0.1/-/3ms POST /v1/order] nodejs.TypeError: Cannot read property 'present_price' of null
    at OperatingGoodsController.order (D:\wokepoj\shopping\server\app\controller\api\operatingGoods.js:184:40)
    at runMicrotasks (<anonymous>)
    at processTicksAndRejections (internal/process/task_queues.js:97:5)
    at async D:\wokepoj\shopping\server\app\middleware\isLogin.js:15:13
    at async D:\wokepoj\shopping\server\node_modules\_egg-development@2.7.0@egg-development\app\middleware\egg_loader_trace.js:9:50
    at async xframe (D:\wokepoj\shopping\server\node_modules\_egg-security@2.8.0@egg-security\lib\middlewares\xframe.js:7:5)
    at async xssProtection (D:\wokepoj\shopping\server\node_modules\_egg-security@2.8.0@egg-security\lib\middlewares\xssProtection.js:7:5)
    at async nosniff (D:\wokepoj\shopping\server\node_modules\_egg-security@2.8.0@egg-security\lib\middlewares\nosniff.js:8:5)
    at async noopen (D:\wokepoj\shopping\server\node_modules\_egg-security@2.8.0@egg-security\lib\middlewares\noopen.js:8:5)
    at async session (D:\wokepoj\shopping\server\node_modules\_koa-session@6.1.0@koa-session\index.js:41:7)
    at async bodyParser (D:\wokepoj\shopping\server\node_modules\_koa-bodyparser@4.3.0@koa-bodyparser\index.js:95:5)
    at async D:\wokepoj\shopping\server\node_modules\_koa-static-cache@5.1.4@koa-static-cache\index.js:39:63
    at async notfound (D:\wokepoj\shopping\server\node_modules\_egg@2.29.1@egg\app\middleware\notfound.js:5:5)
    at async meta (D:\wokepoj\shopping\server\node_modules\_egg@2.29.1@egg\app\middleware\meta.js:17:5)

pid: 6804
hostname: stucd149b

2020-11-18 16:51:10,863 ERROR 6804 [-/127.0.0.1/-/11ms POST /v1/goodsOne/comment] nodejs.TypeError: Cannot read property 'length' of undefined
    at OperatingGoodsController.comment (D:\wokepoj\shopping\server\app\controller\api\operatingGoods.js:247:24)
    at Object.callFn (D:\wokepoj\shopping\server\node_modules\_egg-core@4.20.0@egg-core\lib\utils\index.js:44:21)
    at Object.classControllerMiddleware (D:\wokepoj\shopping\server\node_modules\_egg-core@4.20.0@egg-core\lib\loader\mixin\controller.js:87:20)
    at Object.callFn (D:\wokepoj\shopping\server\node_modules\_@eggjs_router@2.0.0@@eggjs\router\lib\utils.js:12:21)
    at wrappedController (D:\wokepoj\shopping\server\node_modules\_@eggjs_router@2.0.0@@eggjs\router\lib\egg_router.js:322:18)
    at dispatch (D:\wokepoj\shopping\server\node_modules\_koa-compose@3.2.1@koa-compose\index.js:44:32)
    at next (D:\wokepoj\shopping\server\node_modules\_koa-compose@3.2.1@koa-compose\index.js:45:18)
    at D:\wokepoj\shopping\server\node_modules\_@eggjs_router@2.0.0@@eggjs\router\lib\router.js:190:18
    at dispatch (D:\wokepoj\shopping\server\node_modules\_koa-compose@3.2.1@koa-compose\index.js:44:32)
    at D:\wokepoj\shopping\server\node_modules\_koa-compose@3.2.1@koa-compose\index.js:36:12
    at dispatch (D:\wokepoj\shopping\server\node_modules\_@eggjs_router@2.0.0@@eggjs\router\lib\router.js:195:33)
    at dispatch (D:\wokepoj\shopping\server\node_modules\_koa-compose@4.1.0@koa-compose\index.js:42:32)
    at D:\wokepoj\shopping\server\app\middleware\isLogin.js:15:19
    at dispatch (D:\wokepoj\shopping\server\node_modules\_koa-compose@4.1.0@koa-compose\index.js:42:32)
    at D:\wokepoj\shopping\server\node_modules\_egg-development@2.7.0@egg-development\app\middleware\egg_loader_trace.js:9:56
    at dispatch (D:\wokepoj\shopping\server\node_modules\_koa-compose@4.1.0@koa-compose\index.js:42:32)

pid: 6804
hostname: stucd149b

2020-11-19 17:56:31,617 ERROR 5744 [-/127.0.0.1/-/9ms POST /v1/order] nodejs.TypeError: Cannot read property 'present_price' of null
    at OperatingGoodsController.order (D:\wokepoj\shopping\server\app\controller\api\operatingGoods.js:184:40)
    at runMicrotasks (<anonymous>)
    at processTicksAndRejections (internal/process/task_queues.js:97:5)
    at async D:\wokepoj\shopping\server\app\middleware\isLogin.js:15:13
    at async D:\wokepoj\shopping\server\node_modules\_egg-development@2.7.0@egg-development\app\middleware\egg_loader_trace.js:9:50
    at async xframe (D:\wokepoj\shopping\server\node_modules\_egg-security@2.8.0@egg-security\lib\middlewares\xframe.js:7:5)
    at async xssProtection (D:\wokepoj\shopping\server\node_modules\_egg-security@2.8.0@egg-security\lib\middlewares\xssProtection.js:7:5)
    at async nosniff (D:\wokepoj\shopping\server\node_modules\_egg-security@2.8.0@egg-security\lib\middlewares\nosniff.js:8:5)
    at async noopen (D:\wokepoj\shopping\server\node_modules\_egg-security@2.8.0@egg-security\lib\middlewares\noopen.js:8:5)
    at async session (D:\wokepoj\shopping\server\node_modules\_koa-session@6.1.0@koa-session\index.js:41:7)
    at async bodyParser (D:\wokepoj\shopping\server\node_modules\_koa-bodyparser@4.3.0@koa-bodyparser\index.js:95:5)
    at async D:\wokepoj\shopping\server\node_modules\_koa-static-cache@5.1.4@koa-static-cache\index.js:39:63
    at async notfound (D:\wokepoj\shopping\server\node_modules\_egg@2.29.1@egg\app\middleware\notfound.js:5:5)
    at async meta (D:\wokepoj\shopping\server\node_modules\_egg@2.29.1@egg\app\middleware\meta.js:17:5)

pid: 5744
hostname: stucd149b

2020-11-19 17:56:35,638 ERROR 5744 [-/127.0.0.1/-/3ms POST /v1/order] nodejs.TypeError: Cannot read property 'present_price' of null
    at OperatingGoodsController.order (D:\wokepoj\shopping\server\app\controller\api\operatingGoods.js:184:40)
    at runMicrotasks (<anonymous>)
    at processTicksAndRejections (internal/process/task_queues.js:97:5)
    at async D:\wokepoj\shopping\server\app\middleware\isLogin.js:15:13
    at async D:\wokepoj\shopping\server\node_modules\_egg-development@2.7.0@egg-development\app\middleware\egg_loader_trace.js:9:50
    at async xframe (D:\wokepoj\shopping\server\node_modules\_egg-security@2.8.0@egg-security\lib\middlewares\xframe.js:7:5)
    at async xssProtection (D:\wokepoj\shopping\server\node_modules\_egg-security@2.8.0@egg-security\lib\middlewares\xssProtection.js:7:5)
    at async nosniff (D:\wokepoj\shopping\server\node_modules\_egg-security@2.8.0@egg-security\lib\middlewares\nosniff.js:8:5)
    at async noopen (D:\wokepoj\shopping\server\node_modules\_egg-security@2.8.0@egg-security\lib\middlewares\noopen.js:8:5)
    at async session (D:\wokepoj\shopping\server\node_modules\_koa-session@6.1.0@koa-session\index.js:41:7)
    at async bodyParser (D:\wokepoj\shopping\server\node_modules\_koa-bodyparser@4.3.0@koa-bodyparser\index.js:95:5)
    at async D:\wokepoj\shopping\server\node_modules\_koa-static-cache@5.1.4@koa-static-cache\index.js:39:63
    at async notfound (D:\wokepoj\shopping\server\node_modules\_egg@2.29.1@egg\app\middleware\notfound.js:5:5)
    at async meta (D:\wokepoj\shopping\server\node_modules\_egg@2.29.1@egg\app\middleware\meta.js:17:5)

pid: 5744
hostname: stucd149b

2020-11-20 15:08:17,608 ERROR 6212 [-/127.0.0.1/-/24ms POST /v1/order] nodejs.TypeError: Cannot read property 'present_price' of null
    at OperatingGoodsController.order (D:\wokepoj\shopping\server\app\controller\api\operatingGoods.js:184:40)
    at runMicrotasks (<anonymous>)
    at processTicksAndRejections (internal/process/task_queues.js:97:5)
    at async D:\wokepoj\shopping\server\app\middleware\isLogin.js:15:13
    at async D:\wokepoj\shopping\server\node_modules\_egg-development@2.7.0@egg-development\app\middleware\egg_loader_trace.js:9:50
    at async xframe (D:\wokepoj\shopping\server\node_modules\_egg-security@2.8.0@egg-security\lib\middlewares\xframe.js:7:5)
    at async xssProtection (D:\wokepoj\shopping\server\node_modules\_egg-security@2.8.0@egg-security\lib\middlewares\xssProtection.js:7:5)
    at async nosniff (D:\wokepoj\shopping\server\node_modules\_egg-security@2.8.0@egg-security\lib\middlewares\nosniff.js:8:5)
    at async noopen (D:\wokepoj\shopping\server\node_modules\_egg-security@2.8.0@egg-security\lib\middlewares\noopen.js:8:5)
    at async session (D:\wokepoj\shopping\server\node_modules\_koa-session@6.1.0@koa-session\index.js:41:7)
    at async bodyParser (D:\wokepoj\shopping\server\node_modules\_koa-bodyparser@4.3.0@koa-bodyparser\index.js:95:5)
    at async D:\wokepoj\shopping\server\node_modules\_koa-static-cache@5.1.4@koa-static-cache\index.js:39:63
    at async notfound (D:\wokepoj\shopping\server\node_modules\_egg@2.29.1@egg\app\middleware\notfound.js:5:5)
    at async meta (D:\wokepoj\shopping\server\node_modules\_egg@2.29.1@egg\app\middleware\meta.js:17:5)

pid: 6212
hostname: stucd149b

