2020-11-16 08:35:33,163 INFO 3540 [egg-schedule]: register schedule D:\wokepoj\shopping\server\node_modules\_egg-multipart@2.10.3@egg-multipart\app\schedule\clean_tmpdir.js
2020-11-16 08:35:33,163 INFO 3540 [egg-schedule]: register schedule D:\wokepoj\shopping\server\node_modules\_egg-logrotator@3.1.0@egg-logrotator\app\schedule\clean_log.js
2020-11-16 08:35:33,163 INFO 3540 [egg-schedule]: register schedule D:\wokepoj\shopping\server\node_modules\_egg-logrotator@3.1.0@egg-logrotator\app\schedule\rotate_by_file.js
2020-11-16 08:35:37,152 INFO 4396 [Timer] D:\wokepoj\shopping\server\node_modules\_egg-multipart@2.10.3@egg-multipart\app\schedule\clean_tmpdir.js next time will execute after 71662854ms at 2020-11-17 04:30:00.006
2020-11-16 08:35:37,153 INFO 4396 [Timer] D:\wokepoj\shopping\server\node_modules\_egg-logrotator@3.1.0@egg-logrotator\app\schedule\clean_log.js next time will execute after 55462847ms at 2020-11-17 00:00:00.000
2020-11-16 08:35:37,154 INFO 4396 [Timer] D:\wokepoj\shopping\server\node_modules\_egg-logrotator@3.1.0@egg-logrotator\app\schedule\rotate_by_file.js next time will execute after 55463847ms at 2020-11-17 00:00:01.001
2020-11-17 08:26:18,646 INFO 6696 [egg-schedule]: register schedule D:\wokepoj\shopping\server\node_modules\_egg-multipart@2.10.3@egg-multipart\app\schedule\clean_tmpdir.js
2020-11-17 08:26:18,646 INFO 6696 [egg-schedule]: register schedule D:\wokepoj\shopping\server\node_modules\_egg-logrotator@3.1.0@egg-logrotator\app\schedule\clean_log.js
2020-11-17 08:26:18,646 INFO 6696 [egg-schedule]: register schedule D:\wokepoj\shopping\server\node_modules\_egg-logrotator@3.1.0@egg-logrotator\app\schedule\rotate_by_file.js
2020-11-17 08:26:23,488 INFO 780 [Timer] D:\wokepoj\shopping\server\node_modules\_egg-multipart@2.10.3@egg-multipart\app\schedule\clean_tmpdir.js next time will execute after 72216516ms at 2020-11-18 04:30:00.004
2020-11-17 08:26:23,489 INFO 780 [Timer] D:\wokepoj\shopping\server\node_modules\_egg-logrotator@3.1.0@egg-logrotator\app\schedule\clean_log.js next time will execute after 56016512ms at 2020-11-18 00:00:00.000
2020-11-17 08:26:23,489 INFO 780 [Timer] D:\wokepoj\shopping\server\node_modules\_egg-logrotator@3.1.0@egg-logrotator\app\schedule\rotate_by_file.js next time will execute after 56017511ms at 2020-11-18 00:00:01.000
2020-11-18 08:40:32,217 INFO 6804 [egg-schedule]: register schedule D:\wokepoj\shopping\server\node_modules\_egg-multipart@2.10.3@egg-multipart\app\schedule\clean_tmpdir.js
2020-11-18 08:40:32,217 INFO 6804 [egg-schedule]: register schedule D:\wokepoj\shopping\server\node_modules\_egg-logrotator@3.1.0@egg-logrotator\app\schedule\clean_log.js
2020-11-18 08:40:32,217 INFO 6804 [egg-schedule]: register schedule D:\wokepoj\shopping\server\node_modules\_egg-logrotator@3.1.0@egg-logrotator\app\schedule\rotate_by_file.js
2020-11-18 08:40:37,198 INFO 6616 [Timer] D:\wokepoj\shopping\server\node_modules\_egg-multipart@2.10.3@egg-multipart\app\schedule\clean_tmpdir.js next time will execute after 71362806ms at 2020-11-19 04:30:00.004
2020-11-18 08:40:37,198 INFO 6616 [Timer] D:\wokepoj\shopping\server\node_modules\_egg-logrotator@3.1.0@egg-logrotator\app\schedule\clean_log.js next time will execute after 55162802ms at 2020-11-19 00:00:00.000
2020-11-18 08:40:37,199 INFO 6616 [Timer] D:\wokepoj\shopping\server\node_modules\_egg-logrotator@3.1.0@egg-logrotator\app\schedule\rotate_by_file.js next time will execute after 55163801ms at 2020-11-19 00:00:01.000
2020-11-19 08:50:37,393 INFO 5744 [egg-schedule]: register schedule D:\wokepoj\shopping\server\node_modules\_egg-multipart@2.10.3@egg-multipart\app\schedule\clean_tmpdir.js
2020-11-19 08:50:37,393 INFO 5744 [egg-schedule]: register schedule D:\wokepoj\shopping\server\node_modules\_egg-logrotator@3.1.0@egg-logrotator\app\schedule\clean_log.js
2020-11-19 08:50:37,393 INFO 5744 [egg-schedule]: register schedule D:\wokepoj\shopping\server\node_modules\_egg-logrotator@3.1.0@egg-logrotator\app\schedule\rotate_by_file.js
2020-11-19 08:50:41,052 INFO 5656 [Timer] D:\wokepoj\shopping\server\node_modules\_egg-multipart@2.10.3@egg-multipart\app\schedule\clean_tmpdir.js next time will execute after 70758954ms at 2020-11-20 04:30:00.006
2020-11-19 08:50:41,053 INFO 5656 [Timer] D:\wokepoj\shopping\server\node_modules\_egg-logrotator@3.1.0@egg-logrotator\app\schedule\clean_log.js next time will execute after 54558947ms at 2020-11-20 00:00:00.000
2020-11-19 08:50:41,054 INFO 5656 [Timer] D:\wokepoj\shopping\server\node_modules\_egg-logrotator@3.1.0@egg-logrotator\app\schedule\rotate_by_file.js next time will execute after 54559947ms at 2020-11-20 00:00:01.001
2020-11-20 08:54:36,879 INFO 6212 [egg-schedule]: register schedule D:\wokepoj\shopping\server\node_modules\_egg-multipart@2.10.3@egg-multipart\app\schedule\clean_tmpdir.js
2020-11-20 08:54:36,879 INFO 6212 [egg-schedule]: register schedule D:\wokepoj\shopping\server\node_modules\_egg-logrotator@3.1.0@egg-logrotator\app\schedule\clean_log.js
2020-11-20 08:54:36,879 INFO 6212 [egg-schedule]: register schedule D:\wokepoj\shopping\server\node_modules\_egg-logrotator@3.1.0@egg-logrotator\app\schedule\rotate_by_file.js
2020-11-20 08:54:41,599 INFO 6828 [Timer] D:\wokepoj\shopping\server\node_modules\_egg-multipart@2.10.3@egg-multipart\app\schedule\clean_tmpdir.js next time will execute after 70518405ms at 2020-11-21 04:30:00.004
2020-11-20 08:54:41,600 INFO 6828 [Timer] D:\wokepoj\shopping\server\node_modules\_egg-logrotator@3.1.0@egg-logrotator\app\schedule\clean_log.js next time will execute after 54318401ms at 2020-11-21 00:00:00.001
2020-11-20 08:54:41,600 INFO 6828 [Timer] D:\wokepoj\shopping\server\node_modules\_egg-logrotator@3.1.0@egg-logrotator\app\schedule\rotate_by_file.js next time will execute after 54319400ms at 2020-11-21 00:00:01.000
